<?xml version="1.0" encoding="UTF-8"?>
<!-- Generated by org.testng.reporters.JUnitReportReporter -->
<testsuite hostname="AcerAspire" failures="0" tests="1" name="com.example.AppTest" time="0.027" errors="0" timestamp="2025-03-16T11:04:55 UTC" skipped="0">
  <testcase classname="com.example.AppTest" name="shouldAnswerWithTrue" time="0.027"/>
</testsuite> <!-- com.example.AppTest -->
